<?xml version="1.0" encoding="UTF-8"?>
<!-- Generated by org.testng.reporters.JUnitReportReporter -->
<testsuite hostname="DESKTOP-K35V0F0" failures="0" tests="1" name="TestCase.TC_002_Login" time="5.238" errors="0" timestamp="2024-03-13T17:46:30 IST" skipped="0">
  <testcase classname="TestCase.TC_002_Login" name="login" time="5.238"/>
  <system-out/>
</testsuite> <!-- TestCase.TC_002_Login -->
