<?xml version="1.0" encoding="UTF-8"?>
<!-- Generated by org.testng.reporters.JUnitReportReporter -->
<testsuite hostname="DESKTOP-K35V0F0" failures="0" tests="2" name="TestCase.TC_006_CompareProdusts" time="54.110" errors="0" timestamp="2024-10-13T14:40:43 IST" skipped="0">
  <testcase classname="TestCase.TC_006_CompareProdusts" name="compareItems" time="29.518"/>
  <system-out/>
  <testcase classname="TestCase.TC_006_CompareProdusts" name="login" time="24.592"/>
  <system-out/>
</testsuite> <!-- TestCase.TC_006_CompareProdusts -->
