<?xml version="1.0" encoding="UTF-8"?>
<!-- Generated by org.testng.reporters.JUnitReportReporter -->
<testsuite hostname="DESKTOP-K35V0F0" failures="0" tests="2" name="TestCase.TC_006_CompareProdusts" time="15.740" errors="0" timestamp="2023-12-16T13:16:16 IST" skipped="0">
  <testcase classname="TestCase.TC_006_CompareProdusts" name="login" time="4.578"/>
  <system-out/>
  <testcase classname="TestCase.TC_006_CompareProdusts" name="compareItems" time="11.162"/>
  <system-out/>
</testsuite> <!-- TestCase.TC_006_CompareProdusts -->
