<?xml version="1.0" encoding="UTF-8"?>
<!-- Generated by org.testng.reporters.JUnitReportReporter -->
<testsuite hostname="DESKTOP-K35V0F0" failures="0" tests="2" name="TestCase.TC_009_CheckReviews" time="22.610" errors="0" timestamp="2023-10-26T00:15:26 PDT" skipped="0">
  <testcase classname="TestCase.TC_009_CheckReviews" name="checkReviewdetails" time="8.290"/>
  <system-out/>
  <testcase classname="TestCase.TC_009_CheckReviews" name="submitReview" time="14.320"/>
  <system-out/>
</testsuite> <!-- TestCase.TC_009_CheckReviews -->
