<?xml version="1.0" encoding="UTF-8"?>
<!-- Generated by org.testng.reporters.JUnitReportReporter -->
<testsuite hostname="DESKTOP-K35V0F0" failures="0" tests="2" name="TestCase.TC_003_TopMenu" time="4.961" errors="0" timestamp="2023-12-16T13:15:13 IST" skipped="0">
  <testcase classname="TestCase.TC_003_TopMenu" name="verifyTopMenu" time="0.152"/>
  <system-out/>
  <testcase classname="TestCase.TC_003_TopMenu" name="login" time="4.809"/>
  <system-out/>
</testsuite> <!-- TestCase.TC_003_TopMenu -->
