<?xml version="1.0" encoding="UTF-8"?>
<!-- Generated by org.testng.reporters.JUnitReportReporter -->
<testsuite hostname="DESKTOP-K35V0F0" failures="0" tests="2" name="TestCase.TC_003_TopMenu" time="6.924" errors="0" timestamp="2023-11-02T00:11:25 PDT" skipped="0">
  <testcase classname="TestCase.TC_003_TopMenu" name="verifyTopMenu" time="0.467"/>
  <system-out/>
  <testcase classname="TestCase.TC_003_TopMenu" name="login" time="6.457"/>
  <system-out/>
</testsuite> <!-- TestCase.TC_003_TopMenu -->
