<?xml version="1.0" encoding="UTF-8"?>
<!-- Generated by org.testng.reporters.JUnitReportReporter -->
<testsuite hostname="DESKTOP-K35V0F0" failures="0" tests="1" name="TestCase.TC_002_Login" time="4.348" errors="0" timestamp="2023-10-08T12:09:01 PDT" skipped="0">
  <testcase classname="TestCase.TC_002_Login" name="login" time="4.348"/>
  <system-out/>
</testsuite> <!-- TestCase.TC_002_Login -->
