<?xml version="1.0" encoding="UTF-8"?>
<!-- Generated by org.testng.reporters.JUnitReportReporter -->
<testsuite hostname="DESKTOP-K35V0F0" failures="0" tests="2" name="TestCase.TC_003_TopMenu" time="5.400" errors="0" timestamp="2024-10-27T20:55:18 IST" skipped="0">
  <testcase classname="TestCase.TC_003_TopMenu" name="verifyTopMenu" time="0.396"/>
  <system-out/>
  <testcase classname="TestCase.TC_003_TopMenu" name="login" time="5.004"/>
  <system-out/>
</testsuite> <!-- TestCase.TC_003_TopMenu -->
