<?xml version="1.0" encoding="UTF-8"?>
<!-- Generated by org.testng.reporters.JUnitReportReporter -->
<testsuite hostname="DESKTOP-K35V0F0" failures="0" tests="3" name="TestCase.TC_005_Add_To_Cart" time="30.330" errors="0" timestamp="2023-11-02T01:01:04 PDT" skipped="0">
  <testcase classname="TestCase.TC_005_Add_To_Cart" name="login" time="4.572"/>
  <system-out/>
  <testcase classname="TestCase.TC_005_Add_To_Cart" name="verifySerchItem" time="25.280"/>
  <system-out/>
  <testcase classname="TestCase.TC_005_Add_To_Cart" name="checktextBox" time="0.478"/>
  <system-out/>
</testsuite> <!-- TestCase.TC_005_Add_To_Cart -->
